c:\users\dkolodzi\desktop\multi-rdp\clicensingdll\debug\vc140.pdb
c:\users\dkolodzi\desktop\multi-rdp\clicensingdll\debug\vc140.idb
c:\users\dkolodzi\desktop\multi-rdp\clicensingdll\debug\hardwarecheck_lib.obj
c:\users\dkolodzi\desktop\multi-rdp\samplerdc\bin\debug\clicensingdll.lib
c:\users\dkolodzi\desktop\multi-rdp\samplerdc\bin\debug\clicensingdll.exp
c:\users\dkolodzi\desktop\multi-rdp\samplerdc\bin\x86\debug\clicensingdll.lib
c:\users\dkolodzi\desktop\multi-rdp\samplerdc\bin\x86\debug\clicensingdll.exp
c:\users\dkolodzi\desktop\multi-rdp\samplerdc\bin\debug\clicensingdll.ilk
c:\users\dkolodzi\desktop\multi-rdp\samplerdc\bin\debug\clicensingdll.dll
c:\users\dkolodzi\desktop\multi-rdp\samplerdc\bin\debug\clicensingdll.pdb
c:\users\dkolodzi\desktop\multi-rdp\samplerdc\bin\x86\debug\clicensingdll.ilk
c:\users\dkolodzi\desktop\multi-rdp\samplerdc\bin\x86\debug\clicensingdll.dll
c:\users\dkolodzi\desktop\multi-rdp\samplerdc\bin\x86\debug\clicensingdll.pdb
c:\users\dkolodzi\desktop\multi-rdp\clicensingdll\..\samplerdc\bin\x86\debug\clicensingdll.dll
c:\users\dkolodzi\desktop\multi-rdp\clicensingdll\debug\clicensingdll.tlog\cl.command.1.tlog
c:\users\dkolodzi\desktop\multi-rdp\clicensingdll\debug\clicensingdll.tlog\cl.read.1.tlog
c:\users\dkolodzi\desktop\multi-rdp\clicensingdll\debug\clicensingdll.tlog\cl.write.1.tlog
c:\users\dkolodzi\desktop\multi-rdp\clicensingdll\debug\clicensingdll.tlog\clicensingdll.write.1u.tlog
c:\users\dkolodzi\desktop\multi-rdp\clicensingdll\debug\clicensingdll.tlog\link.command.1.tlog
c:\users\dkolodzi\desktop\multi-rdp\clicensingdll\debug\clicensingdll.tlog\link.read.1.tlog
c:\users\dkolodzi\desktop\multi-rdp\clicensingdll\debug\clicensingdll.tlog\link.write.1.tlog
